Build started at 2022-05-28T22:32:35.762147
Main binary: /usr/bin/python3
Build Options: -Dbackend=ninja
Python system: Linux
The Meson build system
Version: 0.53.2
Source dir: /home/parallels/Desktop/projeto-final/fuse-3.2.1
Build dir: /home/parallels/Desktop/projeto-final/fuse-3.2.1/build
Build type: native build
WARNING: Newline character in a string detected, use ''' (three single quotes) for multiline strings instead.
This will become a hard error in a future Meson release. include_default = ' 23 18
Project name: libfuse3
Project version: 3.2.1
No CFLAGS in the environment, not changing global flags.
No LDFLAGS in the environment, not changing global flags.
No CPPFLAGS in the environment, not changing global flags.
Sanity testing C compiler: cc
Is cross compiler: False.
Sanity check compiler command line: cc /home/parallels/Desktop/projeto-final/fuse-3.2.1/build/meson-private/sanitycheckc.c -o /home/parallels/Desktop/projeto-final/fuse-3.2.1/build/meson-private/sanitycheckc.exe -pipe -D_FILE_OFFSET_BITS=64
Sanity check compile stdout:

-----
Sanity check compile stderr:

-----
Running test binary command: /home/parallels/Desktop/projeto-final/fuse-3.2.1/build/meson-private/sanitycheckc.exe
C compiler for the build machine: cc (gcc 9.3.0 "cc (Ubuntu 9.3.0-17ubuntu1~20.04) 9.3.0")
C linker for the build machine: cc ld.bfd 2.34
No CFLAGS in the environment, not changing global flags.
No LDFLAGS in the environment, not changing global flags.
No CPPFLAGS in the environment, not changing global flags.
Sanity testing C compiler: cc
Is cross compiler: False.
Sanity check compiler command line: cc /home/parallels/Desktop/projeto-final/fuse-3.2.1/build/meson-private/sanitycheckc.c -o /home/parallels/Desktop/projeto-final/fuse-3.2.1/build/meson-private/sanitycheckc.exe -pipe -D_FILE_OFFSET_BITS=64
Sanity check compile stdout:

-----
Sanity check compile stderr:

-----
Running test binary command: /home/parallels/Desktop/projeto-final/fuse-3.2.1/build/meson-private/sanitycheckc.exe
C compiler for the host machine: cc (gcc 9.3.0 "cc (Ubuntu 9.3.0-17ubuntu1~20.04) 9.3.0")
C linker for the host machine: cc ld.bfd 2.34
Build machine cpu family: aarch64
Build machine cpu: aarch64
Host machine cpu family: aarch64
Host machine cpu: aarch64
Target machine cpu family: aarch64
Target machine cpu: aarch64
Running compile:
Working directory:  /home/parallels/Desktop/projeto-final/fuse-3.2.1/build/meson-private/tmpszefxfwn
Command line:  cc /home/parallels/Desktop/projeto-final/fuse-3.2.1/build/meson-private/tmpszefxfwn/testfile.c -o /home/parallels/Desktop/projeto-final/fuse-3.2.1/build/meson-private/tmpszefxfwn/output.exe -pipe -D_FILE_OFFSET_BITS=64 -O0 -D_GNU_SOURCE 

Code:
 
#include <stdio.h>
#include <stdlib.h>
#include <stddef.h>
#include <unistd.h>
#include <sys/types.h>
#include <sys/stat.h>
#include <fcntl.h>

#include <limits.h>

        #if defined __stub_fork || defined __stub___fork
        fail fail fail this function is not going to work
        #endif
        
int main(void) {
            void *a = (void*) &fork;
            long b = (long) a;
            return (int) b;
        }
Compiler stdout:
 
Compiler stderr:
 
Checking for function "fork" : YES 
Running compile:
Working directory:  /home/parallels/Desktop/projeto-final/fuse-3.2.1/build/meson-private/tmp2pkwvn3t
Command line:  cc /home/parallels/Desktop/projeto-final/fuse-3.2.1/build/meson-private/tmp2pkwvn3t/testfile.c -o /home/parallels/Desktop/projeto-final/fuse-3.2.1/build/meson-private/tmp2pkwvn3t/output.exe -pipe -D_FILE_OFFSET_BITS=64 -O0 -D_GNU_SOURCE 

Code:
 
#include <stdio.h>
#include <stdlib.h>
#include <stddef.h>
#include <unistd.h>
#include <sys/types.h>
#include <sys/stat.h>
#include <fcntl.h>

#include <limits.h>

        #if defined __stub_fstatat || defined __stub___fstatat
        fail fail fail this function is not going to work
        #endif
        
int main(void) {
            void *a = (void*) &fstatat;
            long b = (long) a;
            return (int) b;
        }
Compiler stdout:
 
Compiler stderr:
 
Checking for function "fstatat" : YES 
Running compile:
Working directory:  /home/parallels/Desktop/projeto-final/fuse-3.2.1/build/meson-private/tmpjy35zahn
Command line:  cc /home/parallels/Desktop/projeto-final/fuse-3.2.1/build/meson-private/tmpjy35zahn/testfile.c -o /home/parallels/Desktop/projeto-final/fuse-3.2.1/build/meson-private/tmpjy35zahn/output.exe -pipe -D_FILE_OFFSET_BITS=64 -O0 -D_GNU_SOURCE 

Code:
 
#include <stdio.h>
#include <stdlib.h>
#include <stddef.h>
#include <unistd.h>
#include <sys/types.h>
#include <sys/stat.h>
#include <fcntl.h>

#include <limits.h>

        #if defined __stub_openat || defined __stub___openat
        fail fail fail this function is not going to work
        #endif
        
int main(void) {
            void *a = (void*) &openat;
            long b = (long) a;
            return (int) b;
        }
Compiler stdout:
 
Compiler stderr:
 
Checking for function "openat" : YES 
Running compile:
Working directory:  /home/parallels/Desktop/projeto-final/fuse-3.2.1/build/meson-private/tmp0guh14dx
Command line:  cc /home/parallels/Desktop/projeto-final/fuse-3.2.1/build/meson-private/tmp0guh14dx/testfile.c -o /home/parallels/Desktop/projeto-final/fuse-3.2.1/build/meson-private/tmp0guh14dx/output.exe -pipe -D_FILE_OFFSET_BITS=64 -O0 -D_GNU_SOURCE 

Code:
 
#include <stdio.h>
#include <stdlib.h>
#include <stddef.h>
#include <unistd.h>
#include <sys/types.h>
#include <sys/stat.h>
#include <fcntl.h>

#include <limits.h>

        #if defined __stub_readlinkat || defined __stub___readlinkat
        fail fail fail this function is not going to work
        #endif
        
int main(void) {
            void *a = (void*) &readlinkat;
            long b = (long) a;
            return (int) b;
        }
Compiler stdout:
 
Compiler stderr:
 
Checking for function "readlinkat" : YES 
Running compile:
Working directory:  /home/parallels/Desktop/projeto-final/fuse-3.2.1/build/meson-private/tmp0qxtonv5
Command line:  cc /home/parallels/Desktop/projeto-final/fuse-3.2.1/build/meson-private/tmp0qxtonv5/testfile.c -o /home/parallels/Desktop/projeto-final/fuse-3.2.1/build/meson-private/tmp0qxtonv5/output.exe -pipe -D_FILE_OFFSET_BITS=64 -O0 -D_GNU_SOURCE 

Code:
 
#include <stdio.h>
#include <stdlib.h>
#include <stddef.h>
#include <unistd.h>
#include <sys/types.h>
#include <sys/stat.h>
#include <fcntl.h>

#include <limits.h>

        #if defined __stub_pipe2 || defined __stub___pipe2
        fail fail fail this function is not going to work
        #endif
        
int main(void) {
            void *a = (void*) &pipe2;
            long b = (long) a;
            return (int) b;
        }
Compiler stdout:
 
Compiler stderr:
 
Checking for function "pipe2" : YES 
Running compile:
Working directory:  /home/parallels/Desktop/projeto-final/fuse-3.2.1/build/meson-private/tmpvrieqlox
Command line:  cc /home/parallels/Desktop/projeto-final/fuse-3.2.1/build/meson-private/tmpvrieqlox/testfile.c -o /home/parallels/Desktop/projeto-final/fuse-3.2.1/build/meson-private/tmpvrieqlox/output.exe -pipe -D_FILE_OFFSET_BITS=64 -O0 -D_GNU_SOURCE 

Code:
 
#include <stdio.h>
#include <stdlib.h>
#include <stddef.h>
#include <unistd.h>
#include <sys/types.h>
#include <sys/stat.h>
#include <fcntl.h>

#include <limits.h>

        #if defined __stub_splice || defined __stub___splice
        fail fail fail this function is not going to work
        #endif
        
int main(void) {
            void *a = (void*) &splice;
            long b = (long) a;
            return (int) b;
        }
Compiler stdout:
 
Compiler stderr:
 
Checking for function "splice" : YES 
Running compile:
Working directory:  /home/parallels/Desktop/projeto-final/fuse-3.2.1/build/meson-private/tmp7sksvh7c
Command line:  cc /home/parallels/Desktop/projeto-final/fuse-3.2.1/build/meson-private/tmp7sksvh7c/testfile.c -o /home/parallels/Desktop/projeto-final/fuse-3.2.1/build/meson-private/tmp7sksvh7c/output.exe -pipe -D_FILE_OFFSET_BITS=64 -O0 -D_GNU_SOURCE 

Code:
 
#include <stdio.h>
#include <stdlib.h>
#include <stddef.h>
#include <unistd.h>
#include <sys/types.h>
#include <sys/stat.h>
#include <fcntl.h>

#include <limits.h>

        #if defined __stub_vmsplice || defined __stub___vmsplice
        fail fail fail this function is not going to work
        #endif
        
int main(void) {
            void *a = (void*) &vmsplice;
            long b = (long) a;
            return (int) b;
        }
Compiler stdout:
 
Compiler stderr:
 
Checking for function "vmsplice" : YES 
Running compile:
Working directory:  /home/parallels/Desktop/projeto-final/fuse-3.2.1/build/meson-private/tmplc7qikwk
Command line:  cc /home/parallels/Desktop/projeto-final/fuse-3.2.1/build/meson-private/tmplc7qikwk/testfile.c -o /home/parallels/Desktop/projeto-final/fuse-3.2.1/build/meson-private/tmplc7qikwk/output.exe -pipe -D_FILE_OFFSET_BITS=64 -O0 -D_GNU_SOURCE 

Code:
 
#include <stdio.h>
#include <stdlib.h>
#include <stddef.h>
#include <unistd.h>
#include <sys/types.h>
#include <sys/stat.h>
#include <fcntl.h>

#include <limits.h>

        #if defined __stub_posix_fallocate || defined __stub___posix_fallocate
        fail fail fail this function is not going to work
        #endif
        
int main(void) {
            void *a = (void*) &posix_fallocate;
            long b = (long) a;
            return (int) b;
        }
Compiler stdout:
 
Compiler stderr:
 
Checking for function "posix_fallocate" : YES 
Running compile:
Working directory:  /home/parallels/Desktop/projeto-final/fuse-3.2.1/build/meson-private/tmpjlnhh9nx
Command line:  cc /home/parallels/Desktop/projeto-final/fuse-3.2.1/build/meson-private/tmpjlnhh9nx/testfile.c -o /home/parallels/Desktop/projeto-final/fuse-3.2.1/build/meson-private/tmpjlnhh9nx/output.exe -pipe -D_FILE_OFFSET_BITS=64 -O0 -D_GNU_SOURCE 

Code:
 
#include <stdio.h>
#include <stdlib.h>
#include <stddef.h>
#include <unistd.h>
#include <sys/types.h>
#include <sys/stat.h>
#include <fcntl.h>

#include <limits.h>

        #if defined __stub_fdatasync || defined __stub___fdatasync
        fail fail fail this function is not going to work
        #endif
        
int main(void) {
            void *a = (void*) &fdatasync;
            long b = (long) a;
            return (int) b;
        }
Compiler stdout:
 
Compiler stderr:
 
Checking for function "fdatasync" : YES 
Running compile:
Working directory:  /home/parallels/Desktop/projeto-final/fuse-3.2.1/build/meson-private/tmpdbqzwjwu
Command line:  cc /home/parallels/Desktop/projeto-final/fuse-3.2.1/build/meson-private/tmpdbqzwjwu/testfile.c -o /home/parallels/Desktop/projeto-final/fuse-3.2.1/build/meson-private/tmpdbqzwjwu/output.exe -pipe -D_FILE_OFFSET_BITS=64 -O0 -D_GNU_SOURCE 

Code:
 
#include <stdio.h>
#include <stdlib.h>
#include <stddef.h>
#include <unistd.h>
#include <sys/types.h>
#include <sys/stat.h>
#include <fcntl.h>

#include <limits.h>

        #if defined __stub_utimensat || defined __stub___utimensat
        fail fail fail this function is not going to work
        #endif
        
int main(void) {
            void *a = (void*) &utimensat;
            long b = (long) a;
            return (int) b;
        }
Compiler stdout:
 
Compiler stderr:
 
Checking for function "utimensat" : YES 
Running compile:
Working directory:  /home/parallels/Desktop/projeto-final/fuse-3.2.1/build/meson-private/tmpqvulf6sw
Command line:  cc /home/parallels/Desktop/projeto-final/fuse-3.2.1/build/meson-private/tmpqvulf6sw/testfile.c -o /home/parallels/Desktop/projeto-final/fuse-3.2.1/build/meson-private/tmpqvulf6sw/output.exe -pipe -D_FILE_OFFSET_BITS=64 -O0 

Code:
 #include <sys/xattr.h>
#include <limits.h>

        #if defined __stub_setxattr || defined __stub___setxattr
        fail fail fail this function is not going to work
        #endif
        
int main(void) {
            void *a = (void*) &setxattr;
            long b = (long) a;
            return (int) b;
        }
Compiler stdout:
 
Compiler stderr:
 
Checking for function "setxattr" : YES 
Running compile:
Working directory:  /home/parallels/Desktop/projeto-final/fuse-3.2.1/build/meson-private/tmpr24y5iht
Command line:  cc /home/parallels/Desktop/projeto-final/fuse-3.2.1/build/meson-private/tmpr24y5iht/testfile.c -o /home/parallels/Desktop/projeto-final/fuse-3.2.1/build/meson-private/tmpr24y5iht/output.exe -pipe -D_FILE_OFFSET_BITS=64 -O0 

Code:
 #include <iconv.h>
#include <limits.h>

        #if defined __stub_iconv || defined __stub___iconv
        fail fail fail this function is not going to work
        #endif
        
int main(void) {
            void *a = (void*) &iconv;
            long b = (long) a;
            return (int) b;
        }
Compiler stdout:
 
Compiler stderr:
 
Checking for function "iconv" : YES 
Running compile:
Working directory:  /home/parallels/Desktop/projeto-final/fuse-3.2.1/build/meson-private/tmpb7xl0hvu
Command line:  cc /home/parallels/Desktop/projeto-final/fuse-3.2.1/build/meson-private/tmpb7xl0hvu/testfile.c -o /home/parallels/Desktop/projeto-final/fuse-3.2.1/build/meson-private/tmpb7xl0hvu/output.obj -pipe -c -D_FILE_OFFSET_BITS=64 -O0 -D_GNU_SOURCE 

Code:
 
#include <stdio.h>
#include <stdlib.h>
#include <stddef.h>
#include <unistd.h>
#include <sys/types.h>
#include <sys/stat.h>
#include <fcntl.h>

        void bar(void) {
            struct stat foo;
            foo.st_atim;

        };
Compiler stdout:
 
Compiler stderr:
 
Checking whether type "struct stat" has member "st_atim" : YES 
Running compile:
Working directory:  /home/parallels/Desktop/projeto-final/fuse-3.2.1/build/meson-private/tmpvmj0azqv
Command line:  cc /home/parallels/Desktop/projeto-final/fuse-3.2.1/build/meson-private/tmpvmj0azqv/testfile.c -o /home/parallels/Desktop/projeto-final/fuse-3.2.1/build/meson-private/tmpvmj0azqv/output.obj -pipe -c -D_FILE_OFFSET_BITS=64 -O0 -D_GNU_SOURCE 

Code:
 
#include <stdio.h>
#include <stdlib.h>
#include <stddef.h>
#include <unistd.h>
#include <sys/types.h>
#include <sys/stat.h>
#include <fcntl.h>

        void bar(void) {
            struct stat foo;
            foo.st_atimespec;

        };
Compiler stdout:
 
Compiler stderr:
 /home/parallels/Desktop/projeto-final/fuse-3.2.1/build/meson-private/tmpvmj0azqv/testfile.c: In function 'bar':
/home/parallels/Desktop/projeto-final/fuse-3.2.1/build/meson-private/tmpvmj0azqv/testfile.c:12:16: error: 'struct stat' has no member named 'st_atimespec'
   12 |             foo.st_atimespec;
      |                ^

Checking whether type "struct stat" has member "st_atimespec" : NO 
Configuring config.h using configuration
meson.build:58: WARNING: Consider using the built-in warning_level option instead of using "-Wall".
meson.build:58: WARNING: Consider using the built-in warning_level option instead of using "-Wextra".
Running compile:
Working directory:  /home/parallels/Desktop/projeto-final/fuse-3.2.1/build/meson-private/tmpf20jkz9l
Command line:  cc /home/parallels/Desktop/projeto-final/fuse-3.2.1/build/meson-private/tmpf20jkz9l/testfile.c -o /home/parallels/Desktop/projeto-final/fuse-3.2.1/build/meson-private/tmpf20jkz9l/output.obj -pipe -c -D_FILE_OFFSET_BITS=64 -O0 -O0 -Werror=unused-result 

Code:
 
__attribute__((warn_unused_result)) int get_4() {
    return 4;
}
int main(void) {
    (void) get_4();
    return 0;
}
Compiler stdout:
 
Compiler stderr:
 /home/parallels/Desktop/projeto-final/fuse-3.2.1/build/meson-private/tmpf20jkz9l/testfile.c: In function 'main':
/home/parallels/Desktop/projeto-final/fuse-3.2.1/build/meson-private/tmpf20jkz9l/testfile.c:6:12: error: ignoring return value of 'get_4', declared with attribute warn_unused_result [-Werror=unused-result]
    6 |     (void) get_4();
      |            ^~~~~~~
cc1: some warnings being treated as errors

Message: Compiler warns about unused result even when casting to void
Run-time dependency threads found: YES
Running compile:
Working directory:  /home/parallels/Desktop/projeto-final/fuse-3.2.1/build/meson-private/tmptywnogb7
Command line:  cc /home/parallels/Desktop/projeto-final/fuse-3.2.1/build/meson-private/tmptywnogb7/testfile.c -o /home/parallels/Desktop/projeto-final/fuse-3.2.1/build/meson-private/tmptywnogb7/output.exe -pipe -D_FILE_OFFSET_BITS=64 -O0 -Wl,--start-group -ldl -Wl,--end-group -Wl,--allow-shlib-undefined 

Code:
 int main(void) { return 0; }
Compiler stdout:
 
Compiler stderr:
 
Library dl found: YES
Running compile:
Working directory:  /home/parallels/Desktop/projeto-final/fuse-3.2.1/build/meson-private/tmpa3ixbpr9
Command line:  cc /home/parallels/Desktop/projeto-final/fuse-3.2.1/build/meson-private/tmpa3ixbpr9/testfile.c -o /home/parallels/Desktop/projeto-final/fuse-3.2.1/build/meson-private/tmpa3ixbpr9/output.exe -pipe -D_FILE_OFFSET_BITS=64 -O0 -Wl,--start-group -lrt -Wl,--end-group -Wl,--allow-shlib-undefined 

Code:
 int main(void) { return 0; }
Compiler stdout:
 
Compiler stderr:
 
Library rt found: YES
WARNING: Project targeting '>= 0.38' but tried to use feature introduced in '0.40.0': build_by_default arg in custom_target
Adding test "wrong_cmd"
Pkg-config binary for MachineChoice.HOST is not cached.
Pkg-config binary missing from cross or native file, or env var undefined.
Trying a default pkg-config fallback at pkg-config
Trying pkg-config binary pkg-config for machine MachineChoice.HOST at ['/usr/bin/pkg-config']
Found pkg-config: /usr/bin/pkg-config (0.29.1)
Determining dependency 'udev' with pkg-config executable '/usr/bin/pkg-config'
PKG_CONFIG_PATH: 
Called `/usr/bin/pkg-config --modversion udev` -> 0
245
PKG_CONFIG_PATH: 
Called `/usr/bin/pkg-config --cflags udev` -> 0

PKG_CONFIG_PATH: 
Called `/usr/bin/pkg-config udev --libs` -> 0

PKG_CONFIG_PATH: 
Called `/usr/bin/pkg-config udev --libs` -> 0

Run-time dependency udev found: YES 245
PKG_CONFIG_PATH: 
Called `/usr/bin/pkg-config --variable=udevdir udev` -> 0
/lib/udev
Got pkgconfig variable udevdir : /lib/udev
Program install_helper.sh found: YES (/home/parallels/Desktop/projeto-final/fuse-3.2.1/util/install_helper.sh)
Build targets in project: 26
WARNING: Project specifies a minimum meson_version '>= 0.38' but uses features which were added in newer versions:
 * 0.40.0: {'build_by_default arg in custom_target'}

Found ninja-1.10.0 at /usr/bin/ninja
Running compile:
Working directory:  /home/parallels/Desktop/projeto-final/fuse-3.2.1/build/meson-private/tmpyljnmvcc
Command line:  cc /home/parallels/Desktop/projeto-final/fuse-3.2.1/build/meson-private/tmpyljnmvcc/testfile.c -o /home/parallels/Desktop/projeto-final/fuse-3.2.1/build/meson-private/tmpyljnmvcc/output.obj -pipe -c -D_FILE_OFFSET_BITS=64 -O0 --print-search-dirs 

Code:
 
Compiler stdout:
 install: /usr/lib/gcc/aarch64-linux-gnu/9/
programs: =/usr/lib/gcc/aarch64-linux-gnu/9/:/usr/lib/gcc/aarch64-linux-gnu/9/:/usr/lib/gcc/aarch64-linux-gnu/:/usr/lib/gcc/aarch64-linux-gnu/9/:/usr/lib/gcc/aarch64-linux-gnu/:/usr/lib/gcc/aarch64-linux-gnu/9/../../../../aarch64-linux-gnu/bin/aarch64-linux-gnu/9/:/usr/lib/gcc/aarch64-linux-gnu/9/../../../../aarch64-linux-gnu/bin/aarch64-linux-gnu/:/usr/lib/gcc/aarch64-linux-gnu/9/../../../../aarch64-linux-gnu/bin/
libraries: =/usr/lib/gcc/aarch64-linux-gnu/9/:/usr/lib/gcc/aarch64-linux-gnu/9/../../../../aarch64-linux-gnu/lib/aarch64-linux-gnu/9/:/usr/lib/gcc/aarch64-linux-gnu/9/../../../../aarch64-linux-gnu/lib/aarch64-linux-gnu/:/usr/lib/gcc/aarch64-linux-gnu/9/../../../../aarch64-linux-gnu/lib/../lib/:/usr/lib/gcc/aarch64-linux-gnu/9/../../../aarch64-linux-gnu/9/:/usr/lib/gcc/aarch64-linux-gnu/9/../../../aarch64-linux-gnu/:/usr/lib/gcc/aarch64-linux-gnu/9/../../../../lib/:/lib/aarch64-linux-gnu/9/:/lib/aarch64-linux-gnu/:/lib/../lib/:/usr/lib/aarch64-linux-gnu/9/:/usr/lib/aarch64-linux-gnu/:/usr/lib/../lib/:/usr/lib/gcc/aarch64-linux-gnu/9/../../../../aarch64-linux-gnu/lib/:/usr/lib/gcc/aarch64-linux-gnu/9/../../../:/lib/:/usr/lib/

Compiler stderr:
 
